[2021-04-12 16:14:56] [info] Start Program:
Path:".\\Debug\\GTest_sudoku.exe"
Arguments:
Working directory: not set.
Modules: Selected: * Excluded: 
Sources: Selected: sudoku Excluded: 
Log Level: Normal
Cover Children: 0
Aggregate by file: 1
Continue after C++ exception: 0
Optimized build support: 0
Export: html 
Input coverage: 
Unified diff: 
Excluded line regular expressions: 
Substitute pdb source paths: 
[2021-04-12 16:14:56] [info] Module: C:\Users\Yingtong Yu\source\repos\SUDOKU\sudoku\Debug\GTest_sudoku.exe is selected because it matches selected pattern: *
[2021-04-12 16:14:56] [info] Module: C:\Windows\SysWOW64\ntdll.dll is selected because it matches selected pattern: *
[2021-04-12 16:14:56] [info] Module: C:\Windows\SysWOW64\kernel32.dll is selected because it matches selected pattern: *
[2021-04-12 16:14:56] [info] Module: C:\Windows\SysWOW64\KernelBase.dll is selected because it matches selected pattern: *
[2021-04-12 16:14:56] [info] Module: C:\Windows\SysWOW64\vcruntime140d.dll is selected because it matches selected pattern: *
[2021-04-12 16:14:56] [info] Module: C:\Windows\SysWOW64\msvcp140d.dll is selected because it matches selected pattern: *
[2021-04-12 16:14:56] [info] Module: C:\Windows\SysWOW64\ucrtbased.dll is selected because it matches selected pattern: *
[2021-04-12 16:14:56] [info] Module: C:\Windows\SysWOW64\kernel.appcore.dll is selected because it matches selected pattern: *
[2021-04-12 16:14:56] [info] Module: C:\Windows\SysWOW64\msvcrt.dll is selected because it matches selected pattern: *
[2021-04-12 16:14:56] [info] Module: C:\Windows\SysWOW64\rpcrt4.dll is selected because it matches selected pattern: *
[2021-04-12 16:14:56] [info] Module: C:\Windows\SysWOW64\sspicli.dll is selected because it matches selected pattern: *
[2021-04-12 16:14:56] [info] Module: C:\Windows\SysWOW64\cryptbase.dll is selected because it matches selected pattern: *
[2021-04-12 16:14:56] [info] Module: C:\Windows\SysWOW64\bcryptprimitives.dll is selected because it matches selected pattern: *
[2021-04-12 16:14:56] [info] Module: C:\Windows\SysWOW64\sechost.dll is selected because it matches selected pattern: *
[2021-04-12 16:14:57] [info] ----------------------------------------------------
[2021-04-12 16:14:57] [info] Coverage generated in Folder C:\Users\Yingtong Yu\source\repos\SUDOKU\sudoku\CoverageReport-2021-04-12-16h14m56s
[2021-04-12 16:14:57] [info] ----------------------------------------------------
[2021-04-12 16:14:57] [info] The code coverage report is not what you expect? See the FAQ https://github.com/OpenCppCoverage/OpenCppCoverage/wiki/FAQ.
[2021-04-12 16:14:57] [error] Your program stop with error code: 1
